< 2020/06/30 23:10:17.023577  length=1001 from=0 to=1000
0.035368,	-0.058379,	0.997668,	547.760123
-0.144629,	-0.022389,	0.989233,	528.025938
-0.002316,	0.138258,	0.990394,	521.169578
0.125532,	0.056219,	0.990495,	505.191381
-0.079841,	0.099571,	0.991822,	144.315759
0.121710,	0.098140,	0.987702,	144.312263
-0.031208,	-0.120816,	0.992184,	143.113849
0.133831,	-0.078498,	0.987890,	141.683541
-0.037156,	-0.108394,	0.993413,	135.191914
0.088317,	0.073993,	0.993340,	133.262711
-0.004563,	-0.102131,	0.994761,	132.474245
0.083323,	0.042916,	0.995598,	132.472222
0.077675,	0.111580,	0.990715,	130.693843
0.135888,	-0.092686,	0.986379,	128.918977
-0.157975,	-0.055097,	0.985905,	125.374960
0.036331,	0.073013,	0.996669,	125.316658
-0.166874,	-0.028219,	0.985574,	123.343301
-0.074863,	0.100607,	0.992106,	113.451411
-0.040146,	-0.123775,	0.991498,	112.245561
-0.033133,	0.123094,	0.991842,	110.490947
-0.054205,	-0.081821,	0.995172,	104.244132
-0.021976,	-0.088077,	0.995871,	70.820201
0.114232,	-0.083900,	0.989905,	56.002567

Index Guesses (Comma Delimited):
> 2020/06/30 23:10:17.153666  length=105 from=0 to=104
19,234,394,615,616,658,696,954,1019,1047,1048,1112,1173,1294,1662,1699,1767,1962,2339,2448,177,1286,1358
< 2020/06/30 23:10:17.154350  length=10 from=1001 to=1010
4 Left...
< 2020/06/30 23:10:17.223119  length=910 from=1011 to=1920
0.043820,	0.117784,	0.992072,	544.973979
0.130028,	-0.039169,	0.990736,	543.745057
-0.043883,	-0.023617,	0.998758,	506.920792
-0.127929,	-0.106096,	0.986092,	149.552194
0.018500,	0.168999,	0.985443,	146.079385
0.074632,	-0.123713,	0.989508,	145.753755
-0.074902,	0.017221,	0.997042,	140.826043
0.034895,	-0.152775,	0.987645,	140.764287
0.136787,	-0.047569,	0.989458,	135.148333
-0.010966,	-0.062717,	0.997971,	132.564433
0.123390,	0.009353,	0.992314,	124.861501
0.113121,	-0.003616,	0.993575,	122.042689
0.059247,	-0.151341,	0.986704,	118.043026
0.046213,	0.122309,	0.991416,	115.646518
-0.087280,	0.031736,	0.995678,	114.275262
0.062708,	0.114588,	0.991432,	112.661141
0.048820,	-0.152486,	0.987099,	109.954991
-0.046133,	0.012721,	0.998854,	100.717176
-0.024297,	0.109445,	0.993696,	93.630185
0.154871,	0.014901,	0.987822,	64.703721
0.106272,	-0.030106,	0.993881,	57.714638

Index Guesses (Comma Delimited):
> 2020/06/30 23:10:17.326620  length=90 from=105 to=194
55,63,377,448,559,571,733,738,1045,1309,1399,1511,1594,1635,1680,1785,2075,2138,2381,2434
< 2020/06/30 23:10:17.327175  length=10 from=1921 to=1930
3 Left...
< 2020/06/30 23:10:17.396888  length=704 from=1931 to=2634
0.054814,	0.019240,	0.998311,	505.340668
-0.036452,	-0.081212,	0.996030,	500.068900
0.120266,	0.048907,	0.991536,	145.753755
-0.055533,	-0.041511,	0.997594,	143.659306
0.000687,	-0.134324,	0.990937,	140.928210
0.071233,	0.049870,	0.996212,	140.764287
0.042778,	-0.150593,	0.987670,	131.481350
-0.143224,	-0.003828,	0.989683,	124.015363
0.091412,	0.036171,	0.995156,	118.043026
-0.088479,	0.028770,	0.995662,	115.932201
0.015082,	-0.111629,	0.993635,	112.625602
-0.061905,	-0.029288,	0.997652,	111.151043
0.082459,	0.041623,	0.995725,	109.954991
0.060863,	-0.157190,	0.985691,	103.962488
-0.088046,	-0.017015,	0.995971,	82.670782
0.055652,	-0.061322,	0.996565,	66.443291

Index Guesses (Comma Delimited):
> 2020/06/30 23:10:17.491299  length=74 from=195 to=268
392,432,571,637,724,738,1089,1338,1511,1586,1683,1743,1785,1971,2239,2365
< 2020/06/30 23:10:17.491988  length=10 from=2635 to=2644
2 Left...
< 2020/06/30 23:10:17.560718  length=1407 from=2645 to=4051
0.108345,	-0.097197,	0.989350,	549.388859
-0.162065,	-0.026654,	0.986420,	543.745057
0.030280,	-0.091181,	0.995374,	542.646259
-0.016669,	0.019511,	0.999671,	530.216633
0.127388,	0.088968,	0.987855,	501.689877
0.035627,	-0.070077,	0.996905,	147.840016
0.119511,	0.110659,	0.986647,	146.707848
0.094091,	-0.049497,	0.994332,	142.111649
0.144495,	0.091339,	0.985281,	139.624978
0.031712,	-0.071423,	0.996942,	137.564623
-0.156052,	-0.035670,	0.987105,	135.148333
0.107271,	-0.102056,	0.988978,	129.877257
0.127284,	-0.077359,	0.988845,	125.897756
-0.164226,	0.022296,	0.986171,	124.861501
0.039917,	0.066028,	0.997019,	123.993413
-0.011681,	0.085223,	0.996293,	117.156142
0.068725,	-0.037250,	0.996940,	116.823929
-0.007212,	0.098902,	0.995071,	115.307095
0.045225,	-0.098783,	0.994081,	111.288200
-0.112628,	-0.028522,	0.993228,	103.084189
-0.016428,	0.032714,	0.999330,	102.792960
0.115083,	0.127752,	0.985107,	102.014255
0.005116,	0.048997,	0.998786,	100.462062
0.051561,	-0.062957,	0.996683,	98.502154
0.084910,	0.080413,	0.993138,	88.443343
0.095876,	-0.017783,	0.995234,	87.064616
0.057579,	-0.023656,	0.998061,	81.085799
0.083280,	0.038046,	0.995800,	79.114040
-0.121346,	-0.075122,	0.989764,	71.353588
0.006332,	-0.123813,	0.992285,	65.841682
-0.132392,	0.024812,	0.990887,	64.703721
0.007581,	-0.129285,	0.991579,	61.631154
-0.022476,	-0.000445,	0.999747,	60.246515

Index Guesses (Comma Delimited):
> 2020/06/30 23:10:18.085869  length=146 from=269 to=414
9,63,158,683,956,1141,1264,1309,1339,1547,1553,1606,1738,2001,2013,2083,2187,2201,2253,2267,2334,2370,2381,2404,415,73,508,858,2105,539,2036,2424
< 2020/06/30 23:10:18.086502  length=10 from=4052 to=4061
1 Left...
< 2020/06/30 23:10:18.155306  length=868 from=4062 to=4929
0.065473,	-0.075467,	0.994997,	528.025938
0.113998,	0.117224,	0.986541,	523.717357
-0.068909,	0.020651,	0.997409,	522.154471
-0.145494,	-0.075044,	0.986509,	506.569953
-0.107150,	0.062432,	0.992281,	148.176214
0.172768,	0.010929,	0.984902,	144.315759
-0.007308,	-0.097693,	0.995190,	137.467875
0.039752,	-0.099896,	0.994203,	125.374960
0.024674,	-0.119707,	0.992503,	125.083363
0.025869,	0.082484,	0.996257,	124.136504
0.042525,	-0.071813,	0.996511,	123.343301
-0.089271,	-0.004413,	0.995998,	115.166465
-0.059777,	0.110067,	0.992125,	111.730704
0.068397,	0.102352,	0.992394,	109.639204
0.056975,	0.159268,	0.985590,	108.221528
-0.079162,	0.034240,	0.996274,	108.078153
0.050976,	0.091378,	0.994511,	101.529758
-0.024155,	-0.096601,	0.995030,	93.795251
0.083005,	0.031388,	0.996055,	82.938300
-0.093883,	0.080107,	0.992355,	61.004405

Index Guesses (Comma Delimited):
> 2020/06/30 23:10:18.270939  length=93 from=415 to=507
210,222,380,492,615,864,1300,1331,1612,1729,1796,1831,1836,2055,2137,2237,2407,177,1358,1286
< 2020/06/30 23:10:18.271503  length=21 from=4930 to=4950
0 Left...
flag{1234}
